[     5.349] 
X.Org X Server 1.20.4
X Protocol Version 11, Revision 0
[     5.349] Build Operating System: Linux 4.4.0-148-generic x86_64 Ubuntu
[     5.349] Current Operating System: Linux dell-desktop 5.0.0-1037-oem-osp1 #42-Ubuntu SMP Fri Jan 24 16:20:00 UTC 2020 x86_64
[     5.349] Kernel command line: BOOT_IMAGE=/boot/vmlinuz-5.0.0-1037-oem-osp1.efi.signed root=UUID=2ef2991e-72de-42f6-b6d7-5937d0721c5b ro quiet splash
[     5.349] Build Date: 02 May 2019  08:06:54AM
[     5.349] xorg-server-hwe-18.04 2:1.20.4-1ubuntu3~18.04.1 (For technical support please see http://www.ubuntu.com/support) 
[     5.349] Current version of pixman: 0.34.0
[     5.349] 	Before reporting problems, check http://wiki.x.org
	to make sure that you have the latest version.
[     5.349] Markers: (--) probed, (**) from config file, (==) default setting,
	(++) from command line, (!!) notice, (II) informational,
	(WW) warning, (EE) error, (NI) not implemented, (??) unknown.
[     5.349] (==) Log file: "/var/log/Xorg.0.log", Time: Fri Nov 26 10:44:46 2021
[     5.349] (==) Using system config directory "/usr/share/X11/xorg.conf.d"
[     5.350] (==) No Layout section.  Using the first Screen section.
[     5.350] (==) No screen section available. Using defaults.
[     5.350] (**) |-->Screen "Default Screen Section" (0)
[     5.350] (**) |   |-->Monitor "<default monitor>"
[     5.350] (==) No monitor specified for screen "Default Screen Section".
	Using a default monitor configuration.
[     5.350] (==) Automatically adding devices
[     5.350] (==) Automatically enabling devices
[     5.350] (==) Automatically adding GPU devices
[     5.350] (==) Automatically binding GPU devices
[     5.350] (==) Max clients allowed: 256, resource mask: 0x1fffff
[     5.351] (WW) The directory "/usr/share/fonts/X11/cyrillic" does not exist.
[     5.351] 	Entry deleted from font path.
[     5.351] (WW) The directory "/usr/share/fonts/X11/100dpi/" does not exist.
[     5.351] 	Entry deleted from font path.
[     5.351] (WW) The directory "/usr/share/fonts/X11/75dpi/" does not exist.
[     5.351] 	Entry deleted from font path.
[     5.352] (WW) The directory "/usr/share/fonts/X11/100dpi" does not exist.
[     5.352] 	Entry deleted from font path.
[     5.352] (WW) The directory "/usr/share/fonts/X11/75dpi" does not exist.
[     5.352] 	Entry deleted from font path.
[     5.352] (==) FontPath set to:
	/usr/share/fonts/X11/misc,
	/usr/share/fonts/X11/Type1,
	built-ins
[     5.352] (==) ModulePath set to "/usr/lib/xorg/modules"
[     5.352] (II) The server relies on udev to provide the list of input devices.
	If no devices become available, reconfigure udev or disable AutoAddDevices.
[     5.352] (II) Loader magic: 0x55724e6b8020
[     5.352] (II) Module ABI versions:
[     5.352] 	X.Org ANSI C Emulation: 0.4
[     5.352] 	X.Org Video Driver: 24.0
[     5.352] 	X.Org XInput driver : 24.1
[     5.352] 	X.Org Server Extension : 10.0
[     5.352] (++) using VT number 1

[     5.352] (II) systemd-logind: logind integration requires -keeptty and -keeptty was not provided, disabling logind integration
[     5.353] (II) xfree86: Adding drm device (/dev/dri/card0)
[     5.354] (--) PCI:*(0@0:2:0) 8086:9bc8:1028:09a8 rev 3, Mem @ 0xd0000000/16777216, 0xc0000000/268435456, I/O @ 0x00004000/64, BIOS @ 0x????????/131072
[     5.354] (II) LoadModule: "glx"
[     5.354] (II) Loading /usr/lib/xorg/modules/extensions/libglx.so
[     5.357] (II) Module glx: vendor="X.Org Foundation"
[     5.357] 	compiled for 1.20.4, module version = 1.0.0
[     5.357] 	ABI class: X.Org Server Extension, version 10.0
[     5.357] (==) Matched modesetting as autoconfigured driver 0
[     5.357] (==) Matched fbdev as autoconfigured driver 1
[     5.357] (==) Matched vesa as autoconfigured driver 2
[     5.357] (==) Assigned the driver to the xf86ConfigLayout
[     5.357] (II) LoadModule: "modesetting"
[     5.358] (II) Loading /usr/lib/xorg/modules/drivers/modesetting_drv.so
[     5.358] (II) Module modesetting: vendor="X.Org Foundation"
[     5.358] 	compiled for 1.20.4, module version = 1.20.4
[     5.358] 	Module class: X.Org Video Driver
[     5.358] 	ABI class: X.Org Video Driver, version 24.0
[     5.358] (II) LoadModule: "fbdev"
[     5.358] (II) Loading /usr/lib/xorg/modules/drivers/fbdev_drv.so
[     5.358] (II) Module fbdev: vendor="X.Org Foundation"
[     5.358] 	compiled for 1.20.1, module version = 0.5.0
[     5.358] 	Module class: X.Org Video Driver
[     5.358] 	ABI class: X.Org Video Driver, version 24.0
[     5.358] (II) LoadModule: "vesa"
[     5.358] (II) Loading /usr/lib/xorg/modules/drivers/vesa_drv.so
[     5.359] (II) Module vesa: vendor="X.Org Foundation"
[     5.359] 	compiled for 1.20.1, module version = 2.4.0
[     5.359] 	Module class: X.Org Video Driver
[     5.359] 	ABI class: X.Org Video Driver, version 24.0
[     5.359] (II) modesetting: Driver for Modesetting Kernel Drivers: kms
[     5.359] (II) FBDEV: driver for framebuffer: fbdev
[     5.359] (II) VESA: driver for VESA chipsets: vesa
[     5.359] (II) modeset(0): using drv /dev/dri/card0
[     5.359] (WW) Falling back to old probe method for fbdev
[     5.359] (II) Loading sub module "fbdevhw"
[     5.359] (II) LoadModule: "fbdevhw"
[     5.359] (II) Loading /usr/lib/xorg/modules/libfbdevhw.so
[     5.359] (II) Module fbdevhw: vendor="X.Org Foundation"
[     5.359] 	compiled for 1.20.4, module version = 0.0.2
[     5.359] 	ABI class: X.Org Video Driver, version 24.0
[     5.359] (II) modeset(0): Creating default Display subsection in Screen section
	"Default Screen Section" for depth/fbbpp 24/32
[     5.359] (==) modeset(0): Depth 24, (==) framebuffer bpp 32
[     5.359] (==) modeset(0): RGB weight 888
[     5.359] (==) modeset(0): Default visual is TrueColor
[     5.359] (II) Loading sub module "glamoregl"
[     5.359] (II) LoadModule: "glamoregl"
[     5.359] (II) Loading /usr/lib/xorg/modules/libglamoregl.so
[     5.364] (II) Module glamoregl: vendor="X.Org Foundation"
[     5.364] 	compiled for 1.20.4, module version = 1.0.1
[     5.364] 	ABI class: X.Org ANSI C Emulation, version 0.4
[     5.387] (II) modeset(0): glamor X acceleration enabled on Mesa DRI Intel(R) UHD Graphics (Comet Lake 3x8 GT2) 
[     5.387] (II) modeset(0): glamor initialized
[     5.391] (II) modeset(0): Output HDMI-1 has no monitor section
[     5.396] (II) modeset(0): Output DP-1 has no monitor section
[     5.400] (II) modeset(0): Output HDMI-2 has no monitor section
[     5.400] (II) modeset(0): Output DP-2 has no monitor section
[     5.404] (II) modeset(0): Output HDMI-3 has no monitor section
[     5.407] (II) modeset(0): EDID for output HDMI-1
[     5.412] (II) modeset(0): EDID for output DP-1
[     5.412] (II) modeset(0): Manufacturer: DEL  Model: a15a  Serial#: 842348113
[     5.412] (II) modeset(0): Year: 2021  Week: 42
[     5.412] (II) modeset(0): EDID Version: 1.4
[     5.412] (II) modeset(0): Digital Display Input
[     5.412] (II) modeset(0): 8 bits per channel
[     5.412] (II) modeset(0): Digital interface is DisplayPort
[     5.412] (II) modeset(0): Max Image Size [cm]: horiz.: 43  vert.: 24
[     5.412] (II) modeset(0): Gamma: 2.20
[     5.412] (II) modeset(0): DPMS capabilities: Off
[     5.412] (II) modeset(0): Supported color encodings: RGB 4:4:4 YCrCb 4:4:4 YCrCb 4:2:2
[     5.412] (II) modeset(0): First detailed timing is preferred mode
[     5.412] (II) modeset(0): Preferred mode is native pixel format and refresh rate
[     5.412] (II) modeset(0): redX: 0.644 redY: 0.333   greenX: 0.318 greenY: 0.624
[     5.412] (II) modeset(0): blueX: 0.156 blueY: 0.064   whiteX: 0.313 whiteY: 0.329
[     5.412] (II) modeset(0): Supported established timings:
[     5.412] (II) modeset(0): 720x400@70Hz
[     5.412] (II) modeset(0): 640x480@60Hz
[     5.412] (II) modeset(0): 640x480@75Hz
[     5.412] (II) modeset(0): 800x600@60Hz
[     5.412] (II) modeset(0): 800x600@75Hz
[     5.412] (II) modeset(0): 1024x768@60Hz
[     5.412] (II) modeset(0): 1024x768@75Hz
[     5.412] (II) modeset(0): 1280x1024@75Hz
[     5.412] (II) modeset(0): Manufacturer's mask: 0
[     5.412] (II) modeset(0): Supported standard timings:
[     5.412] (II) modeset(0): #0: hsize: 1152  vsize 864  refresh: 75  vid: 20337
[     5.412] (II) modeset(0): #1: hsize: 1280  vsize 1024  refresh: 60  vid: 32897
[     5.412] (II) modeset(0): #2: hsize: 1600  vsize 900  refresh: 60  vid: 49321
[     5.412] (II) modeset(0): Supported detailed timing:
[     5.412] (II) modeset(0): clock: 108.0 MHz   Image Size:  434 x 236 mm
[     5.412] (II) modeset(0): h_active: 1600  h_sync: 1624  h_sync_end 1704 h_blank_end 1800 h_border: 0
[     5.412] (II) modeset(0): v_active: 900  v_sync: 901  v_sync_end 904 v_blanking: 1000 v_border: 0
[     5.412] (II) modeset(0): Serial No: GPLNHC3
[     5.412] (II) modeset(0): Monitor name: DELL E2020H
[     5.412] (II) modeset(0): Ranges: V min: 50 V max: 76 Hz, H min: 30 H max: 78 kHz, PixClock max 155 MHz
[     5.412] (II) modeset(0): EDID (in hex):
[     5.412] (II) modeset(0): 	00ffffffffffff0010ac5aa151363532
[     5.412] (II) modeset(0): 	2a1f0104a52b18783adb25a455519f28
[     5.412] (II) modeset(0): 	105054a54b00714f8180a9c001010101
[     5.412] (II) modeset(0): 	010101010101302a40c8608464301850
[     5.412] (II) modeset(0): 	1300b2ec1000001e000000ff0047504c
[     5.412] (II) modeset(0): 	4e4843330a2020202020000000fc0044
[     5.412] (II) modeset(0): 	454c4c204532303230480a20000000fd
[     5.412] (II) modeset(0): 	00324c1e4e0f010a202020202020005e
[     5.413] (II) modeset(0): Printing probed modes for output DP-1
[     5.413] (II) modeset(0): Modeline "1600x900"x60.0  108.00  1600 1624 1704 1800  900 901 904 1000 +hsync +vsync (60.0 kHz eP)
[     5.413] (II) modeset(0): Modeline "1280x1024"x75.0  135.00  1280 1296 1440 1688  1024 1025 1028 1066 +hsync +vsync (80.0 kHz e)
[     5.413] (II) modeset(0): Modeline "1280x1024"x60.0  108.00  1280 1328 1440 1688  1024 1025 1028 1066 +hsync +vsync (64.0 kHz e)
[     5.413] (II) modeset(0): Modeline "1152x864"x75.0  108.00  1152 1216 1344 1600  864 865 868 900 +hsync +vsync (67.5 kHz e)
[     5.413] (II) modeset(0): Modeline "1024x768"x75.0   78.75  1024 1040 1136 1312  768 769 772 800 +hsync +vsync (60.0 kHz e)
[     5.413] (II) modeset(0): Modeline "1024x768"x60.0   65.00  1024 1048 1184 1344  768 771 777 806 -hsync -vsync (48.4 kHz e)
[     5.413] (II) modeset(0): Modeline "800x600"x75.0   49.50  800 816 896 1056  600 601 604 625 +hsync +vsync (46.9 kHz e)
[     5.413] (II) modeset(0): Modeline "800x600"x60.3   40.00  800 840 968 1056  600 601 605 628 +hsync +vsync (37.9 kHz e)
[     5.413] (II) modeset(0): Modeline "640x480"x75.0   31.50  640 656 720 840  480 481 484 500 -hsync -vsync (37.5 kHz e)
[     5.413] (II) modeset(0): Modeline "640x480"x59.9   25.18  640 656 752 800  480 490 492 525 -hsync -vsync (31.5 kHz e)
[     5.413] (II) modeset(0): Modeline "720x400"x70.1   28.32  720 738 846 900  400 412 414 449 -hsync +vsync (31.5 kHz e)
[     5.416] (II) modeset(0): EDID for output HDMI-2
[     5.416] (II) modeset(0): EDID for output DP-2
[     5.420] (II) modeset(0): EDID for output HDMI-3
[     5.420] (II) modeset(0): Output HDMI-1 disconnected
[     5.420] (II) modeset(0): Output DP-1 connected
[     5.420] (II) modeset(0): Output HDMI-2 disconnected
[     5.420] (II) modeset(0): Output DP-2 disconnected
[     5.420] (II) modeset(0): Output HDMI-3 disconnected
[     5.420] (II) modeset(0): Using exact sizes for initial modes
[     5.420] (II) modeset(0): Output DP-1 using initial mode 1600x900 +0+0
[     5.420] (==) modeset(0): Using gamma correction (1.0, 1.0, 1.0)
[     5.420] (==) modeset(0): DPI set to (96, 96)
[     5.420] (II) Loading sub module "fb"
[     5.420] (II) LoadModule: "fb"
[     5.420] (II) Loading /usr/lib/xorg/modules/libfb.so
[     5.420] (II) Module fb: vendor="X.Org Foundation"
[     5.420] 	compiled for 1.20.4, module version = 1.0.0
[     5.420] 	ABI class: X.Org ANSI C Emulation, version 0.4
[     5.420] (II) UnloadModule: "fbdev"
[     5.420] (II) Unloading fbdev
[     5.420] (II) UnloadSubModule: "fbdevhw"
[     5.420] (II) Unloading fbdevhw
[     5.420] (II) UnloadModule: "vesa"
[     5.420] (II) Unloading vesa
[     5.425] (==) modeset(0): Backing store enabled
[     5.425] (==) modeset(0): Silken mouse enabled
[     5.494] (II) modeset(0): Initializing kms color map for depth 24, 8 bpc.
[     5.494] (==) modeset(0): DPMS enabled
[     5.494] (II) modeset(0): [DRI2] Setup complete
[     5.494] (II) modeset(0): [DRI2]   DRI driver: i965
[     5.494] (II) modeset(0): [DRI2]   VDPAU driver: i965
[     5.494] (II) Initializing extension Generic Event Extension
[     5.494] (II) Initializing extension SHAPE
[     5.494] (II) Initializing extension MIT-SHM
[     5.494] (II) Initializing extension XInputExtension
[     5.495] (II) Initializing extension XTEST
[     5.495] (II) Initializing extension BIG-REQUESTS
[     5.495] (II) Initializing extension SYNC
[     5.495] (II) Initializing extension XKEYBOARD
[     5.495] (II) Initializing extension XC-MISC
[     5.495] (II) Initializing extension SECURITY
[     5.495] (II) Initializing extension XFIXES
[     5.495] (II) Initializing extension RENDER
[     5.495] (II) Initializing extension RANDR
[     5.495] (II) Initializing extension COMPOSITE
[     5.495] (II) Initializing extension DAMAGE
[     5.495] (II) Initializing extension MIT-SCREEN-SAVER
[     5.495] (II) Initializing extension DOUBLE-BUFFER
[     5.495] (II) Initializing extension RECORD
[     5.495] (II) Initializing extension DPMS
[     5.496] (II) Initializing extension Present
[     5.496] (II) Initializing extension DRI3
[     5.496] (II) Initializing extension X-Resource
[     5.496] (II) Initializing extension XVideo
[     5.496] (II) Initializing extension XVideo-MotionCompensation
[     5.496] (II) Initializing extension SELinux
[     5.496] (II) SELinux: Disabled on system
[     5.496] (II) Initializing extension GLX
[     5.499] (II) AIGLX: Loaded and initialized i965
[     5.499] (II) GLX: Initialized DRI2 GL provider for screen 0
[     5.499] (II) Initializing extension XFree86-VidModeExtension
[     5.499] (II) Initializing extension XFree86-DGA
[     5.499] (II) Initializing extension XFree86-DRI
[     5.499] (II) Initializing extension DRI2
[     5.504] (II) modeset(0): Damage tracking initialized
[     5.504] (II) modeset(0): Setting screen physical size to 423 x 238
[     5.530] (II) config/udev: Adding input device Power Button (/dev/input/event2)
[     5.530] (**) Power Button: Applying InputClass "libinput keyboard catchall"
[     5.530] (II) LoadModule: "libinput"
[     5.530] (II) Loading /usr/lib/xorg/modules/input/libinput_drv.so
[     5.532] (II) Module libinput: vendor="X.Org Foundation"
[     5.532] 	compiled for 1.20.1, module version = 0.28.1
[     5.532] 	Module class: X.Org XInput Driver
[     5.532] 	ABI class: X.Org XInput driver, version 24.1
[     5.532] (II) Using input driver 'libinput' for 'Power Button'
[     5.532] (**) Power Button: always reports core events
[     5.532] (**) Option "Device" "/dev/input/event2"
[     5.532] (**) Option "_source" "server/udev"
[     5.532] (II) event2  - Power Button: is tagged by udev as: Keyboard
[     5.532] (II) event2  - Power Button: device is a keyboard
[     5.532] (II) event2  - Power Button: device removed
[     5.546] (**) Option "config_info" "udev:/sys/devices/LNXSYSTM:00/LNXPWRBN:00/input/input2/event2"
[     5.546] (II) XINPUT: Adding extended input device "Power Button" (type: KEYBOARD, id 6)
[     5.546] (**) Option "xkb_model" "pc105"
[     5.546] (**) Option "xkb_layout" "us"
[     5.546] (II) event2  - Power Button: is tagged by udev as: Keyboard
[     5.546] (II) event2  - Power Button: device is a keyboard
[     5.547] (II) config/udev: Adding input device Video Bus (/dev/input/event3)
[     5.547] (**) Video Bus: Applying InputClass "libinput keyboard catchall"
[     5.547] (II) Using input driver 'libinput' for 'Video Bus'
[     5.547] (**) Video Bus: always reports core events
[     5.547] (**) Option "Device" "/dev/input/event3"
[     5.547] (**) Option "_source" "server/udev"
[     5.547] (II) event3  - Video Bus: is tagged by udev as: Keyboard
[     5.547] (II) event3  - Video Bus: device is a keyboard
[     5.547] (II) event3  - Video Bus: device removed
[     5.562] (**) Option "config_info" "udev:/sys/devices/LNXSYSTM:00/LNXSYBUS:00/PNP0A08:00/LNXVIDEO:00/input/input3/event3"
[     5.562] (II) XINPUT: Adding extended input device "Video Bus" (type: KEYBOARD, id 7)
[     5.562] (**) Option "xkb_model" "pc105"
[     5.562] (**) Option "xkb_layout" "us"
[     5.562] (II) event3  - Video Bus: is tagged by udev as: Keyboard
[     5.562] (II) event3  - Video Bus: device is a keyboard
[     5.563] (II) config/udev: Adding input device Power Button (/dev/input/event1)
[     5.563] (**) Power Button: Applying InputClass "libinput keyboard catchall"
[     5.563] (II) Using input driver 'libinput' for 'Power Button'
[     5.563] (**) Power Button: always reports core events
[     5.563] (**) Option "Device" "/dev/input/event1"
[     5.563] (**) Option "_source" "server/udev"
[     5.563] (II) event1  - Power Button: is tagged by udev as: Keyboard
[     5.563] (II) event1  - Power Button: device is a keyboard
[     5.563] (II) event1  - Power Button: device removed
[     5.578] (**) Option "config_info" "udev:/sys/devices/LNXSYSTM:00/LNXSYBUS:00/PNP0C0C:00/input/input1/event1"
[     5.578] (II) XINPUT: Adding extended input device "Power Button" (type: KEYBOARD, id 8)
[     5.578] (**) Option "xkb_model" "pc105"
[     5.578] (**) Option "xkb_layout" "us"
[     5.578] (II) event1  - Power Button: is tagged by udev as: Keyboard
[     5.578] (II) event1  - Power Button: device is a keyboard
[     5.579] (II) config/udev: Adding input device Sleep Button (/dev/input/event0)
[     5.579] (**) Sleep Button: Applying InputClass "libinput keyboard catchall"
[     5.579] (II) Using input driver 'libinput' for 'Sleep Button'
[     5.579] (**) Sleep Button: always reports core events
[     5.579] (**) Option "Device" "/dev/input/event0"
[     5.579] (**) Option "_source" "server/udev"
[     5.579] (II) event0  - Sleep Button: is tagged by udev as: Keyboard
[     5.579] (II) event0  - Sleep Button: device is a keyboard
[     5.579] (II) event0  - Sleep Button: device removed
[     5.594] (**) Option "config_info" "udev:/sys/devices/LNXSYSTM:00/LNXSYBUS:00/PNP0C0E:00/input/input0/event0"
[     5.594] (II) XINPUT: Adding extended input device "Sleep Button" (type: KEYBOARD, id 9)
[     5.594] (**) Option "xkb_model" "pc105"
[     5.594] (**) Option "xkb_layout" "us"
[     5.594] (II) event0  - Sleep Button: is tagged by udev as: Keyboard
[     5.594] (II) event0  - Sleep Button: device is a keyboard
[     5.595] (II) config/udev: Adding input device PixArt Dell MS116 USB Optical Mouse (/dev/input/event7)
[     5.595] (**) PixArt Dell MS116 USB Optical Mouse: Applying InputClass "libinput pointer catchall"
[     5.595] (II) Using input driver 'libinput' for 'PixArt Dell MS116 USB Optical Mouse'
[     5.595] (**) PixArt Dell MS116 USB Optical Mouse: always reports core events
[     5.595] (**) Option "Device" "/dev/input/event7"
[     5.595] (**) Option "_source" "server/udev"
[     5.595] (II) event7  - PixArt Dell MS116 USB Optical Mouse: is tagged by udev as: Mouse
[     5.595] (II) event7  - PixArt Dell MS116 USB Optical Mouse: device set to 1000 DPI
[     5.595] (II) event7  - PixArt Dell MS116 USB Optical Mouse: device is a pointer
[     5.595] (II) event7  - PixArt Dell MS116 USB Optical Mouse: device removed
[     5.634] (**) Option "config_info" "udev:/sys/devices/pci0000:00/0000:00:14.0/usb1/1-10/1-10:1.0/0003:413C:301A.0003/input/input7/event7"
[     5.634] (II) XINPUT: Adding extended input device "PixArt Dell MS116 USB Optical Mouse" (type: MOUSE, id 10)
[     5.634] (**) Option "AccelerationScheme" "none"
[     5.634] (**) PixArt Dell MS116 USB Optical Mouse: (accel) selected scheme none/0
[     5.634] (**) PixArt Dell MS116 USB Optical Mouse: (accel) acceleration factor: 2.000
[     5.634] (**) PixArt Dell MS116 USB Optical Mouse: (accel) acceleration threshold: 4
[     5.634] (II) event7  - PixArt Dell MS116 USB Optical Mouse: is tagged by udev as: Mouse
[     5.634] (II) event7  - PixArt Dell MS116 USB Optical Mouse: device set to 1000 DPI
[     5.634] (II) event7  - PixArt Dell MS116 USB Optical Mouse: device is a pointer
[     5.635] (II) config/udev: Adding input device PixArt Dell MS116 USB Optical Mouse (/dev/input/mouse0)
[     5.635] (II) No input driver specified, ignoring this device.
[     5.635] (II) This device may have been added with another device file.
[     5.635] (II) config/udev: Adding input device Dell KB216 Wired Keyboard (/dev/input/event4)
[     5.635] (**) Dell KB216 Wired Keyboard: Applying InputClass "libinput keyboard catchall"
[     5.635] (II) Using input driver 'libinput' for 'Dell KB216 Wired Keyboard'
[     5.635] (**) Dell KB216 Wired Keyboard: always reports core events
[     5.635] (**) Option "Device" "/dev/input/event4"
[     5.635] (**) Option "_source" "server/udev"
[     5.635] (II) event4  - Dell KB216 Wired Keyboard: is tagged by udev as: Keyboard
[     5.635] (II) event4  - Dell KB216 Wired Keyboard: device is a keyboard
[     5.635] (II) event4  - Dell KB216 Wired Keyboard: device removed
[     5.650] (**) Option "config_info" "udev:/sys/devices/pci0000:00/0000:00:14.0/usb1/1-6/1-6:1.0/0003:413C:2113.0001/input/input4/event4"
[     5.650] (II) XINPUT: Adding extended input device "Dell KB216 Wired Keyboard" (type: KEYBOARD, id 11)
[     5.650] (**) Option "xkb_model" "pc105"
[     5.650] (**) Option "xkb_layout" "us"
[     5.650] (II) event4  - Dell KB216 Wired Keyboard: is tagged by udev as: Keyboard
[     5.650] (II) event4  - Dell KB216 Wired Keyboard: device is a keyboard
[     5.651] (II) config/udev: Adding input device Dell KB216 Wired Keyboard Consumer Control (/dev/input/event5)
[     5.651] (**) Dell KB216 Wired Keyboard Consumer Control: Applying InputClass "libinput keyboard catchall"
[     5.651] (II) Using input driver 'libinput' for 'Dell KB216 Wired Keyboard Consumer Control'
[     5.651] (**) Dell KB216 Wired Keyboard Consumer Control: always reports core events
[     5.651] (**) Option "Device" "/dev/input/event5"
[     5.651] (**) Option "_source" "server/udev"
[     5.651] (II) event5  - Dell KB216 Wired Keyboard Consumer Control: is tagged by udev as: Keyboard
[     5.651] (II) event5  - Dell KB216 Wired Keyboard Consumer Control: device is a keyboard
[     5.651] (II) event5  - Dell KB216 Wired Keyboard Consumer Control: device removed
[     5.666] (II) libinput: Dell KB216 Wired Keyboard Consumer Control: needs a virtual subdevice
[     5.666] (**) Option "config_info" "udev:/sys/devices/pci0000:00/0000:00:14.0/usb1/1-6/1-6:1.1/0003:413C:2113.0002/input/input5/event5"
[     5.666] (II) XINPUT: Adding extended input device "Dell KB216 Wired Keyboard Consumer Control" (type: MOUSE, id 12)
[     5.666] (**) Option "AccelerationScheme" "none"
[     5.666] (**) Dell KB216 Wired Keyboard Consumer Control: (accel) selected scheme none/0
[     5.666] (**) Dell KB216 Wired Keyboard Consumer Control: (accel) acceleration factor: 2.000
[     5.666] (**) Dell KB216 Wired Keyboard Consumer Control: (accel) acceleration threshold: 4
[     5.666] (II) event5  - Dell KB216 Wired Keyboard Consumer Control: is tagged by udev as: Keyboard
[     5.666] (II) event5  - Dell KB216 Wired Keyboard Consumer Control: device is a keyboard
[     5.667] (II) config/udev: Adding input device Dell KB216 Wired Keyboard System Control (/dev/input/event6)
[     5.667] (**) Dell KB216 Wired Keyboard System Control: Applying InputClass "libinput keyboard catchall"
[     5.667] (II) Using input driver 'libinput' for 'Dell KB216 Wired Keyboard System Control'
[     5.667] (**) Dell KB216 Wired Keyboard System Control: always reports core events
[     5.667] (**) Option "Device" "/dev/input/event6"
[     5.667] (**) Option "_source" "server/udev"
[     5.667] (II) event6  - Dell KB216 Wired Keyboard System Control: is tagged by udev as: Keyboard
[     5.667] (II) event6  - Dell KB216 Wired Keyboard System Control: device is a keyboard
[     5.667] (II) event6  - Dell KB216 Wired Keyboard System Control: device removed
[     5.682] (**) Option "config_info" "udev:/sys/devices/pci0000:00/0000:00:14.0/usb1/1-6/1-6:1.1/0003:413C:2113.0002/input/input6/event6"
[     5.682] (II) XINPUT: Adding extended input device "Dell KB216 Wired Keyboard System Control" (type: KEYBOARD, id 13)
[     5.682] (**) Option "xkb_model" "pc105"
[     5.682] (**) Option "xkb_layout" "us"
[     5.682] (II) event6  - Dell KB216 Wired Keyboard System Control: is tagged by udev as: Keyboard
[     5.682] (II) event6  - Dell KB216 Wired Keyboard System Control: device is a keyboard
[     5.683] (II) config/udev: Adding input device HDA Intel PCH Line Out (/dev/input/event10)
[     5.683] (II) No input driver specified, ignoring this device.
[     5.683] (II) This device may have been added with another device file.
[     5.683] (II) config/udev: Adding input device HDA Intel PCH HDMI/DP,pcm=3 (/dev/input/event11)
[     5.683] (II) No input driver specified, ignoring this device.
[     5.683] (II) This device may have been added with another device file.
[     5.683] (II) config/udev: Adding input device HDA Intel PCH HDMI/DP,pcm=7 (/dev/input/event12)
[     5.683] (II) No input driver specified, ignoring this device.
[     5.683] (II) This device may have been added with another device file.
[     5.683] (II) config/udev: Adding input device HDA Intel PCH HDMI/DP,pcm=8 (/dev/input/event13)
[     5.683] (II) No input driver specified, ignoring this device.
[     5.683] (II) This device may have been added with another device file.
[     5.683] (II) config/udev: Adding input device HDA Intel PCH HDMI/DP,pcm=9 (/dev/input/event14)
[     5.683] (II) No input driver specified, ignoring this device.
[     5.683] (II) This device may have been added with another device file.
[     5.683] (II) config/udev: Adding input device HDA Intel PCH HDMI/DP,pcm=10 (/dev/input/event15)
[     5.683] (II) No input driver specified, ignoring this device.
[     5.683] (II) This device may have been added with another device file.
[     5.683] (II) config/udev: Adding input device HDA Intel PCH Headphone Mic (/dev/input/event9)
[     5.683] (II) No input driver specified, ignoring this device.
[     5.683] (II) This device may have been added with another device file.
[     5.684] (II) config/udev: Adding input device Dell WMI hotkeys (/dev/input/event8)
[     5.684] (**) Dell WMI hotkeys: Applying InputClass "libinput keyboard catchall"
[     5.684] (II) Using input driver 'libinput' for 'Dell WMI hotkeys'
[     5.684] (**) Dell WMI hotkeys: always reports core events
[     5.684] (**) Option "Device" "/dev/input/event8"
[     5.684] (**) Option "_source" "server/udev"
[     5.684] (II) event8  - Dell WMI hotkeys: is tagged by udev as: Keyboard
[     5.684] (II) event8  - Dell WMI hotkeys: device is a keyboard
[     5.684] (II) event8  - Dell WMI hotkeys: device removed
[     5.698] (**) Option "config_info" "udev:/sys/devices/platform/PNP0C14:02/wmi_bus/wmi_bus-PNP0C14:02/9DBB5994-A997-11DA-B012-B622A1EF5492/input/input8/event8"
[     5.698] (II) XINPUT: Adding extended input device "Dell WMI hotkeys" (type: KEYBOARD, id 14)
[     5.698] (**) Option "xkb_model" "pc105"
[     5.698] (**) Option "xkb_layout" "us"
[     5.698] (II) event8  - Dell WMI hotkeys: is tagged by udev as: Keyboard
[     5.698] (II) event8  - Dell WMI hotkeys: device is a keyboard
[     5.710] (**) Dell KB216 Wired Keyboard Consumer Control: Applying InputClass "libinput keyboard catchall"
[     5.710] (II) Using input driver 'libinput' for 'Dell KB216 Wired Keyboard Consumer Control'
[     5.710] (**) Dell KB216 Wired Keyboard Consumer Control: always reports core events
[     5.710] (**) Option "Device" "/dev/input/event5"
[     5.710] (**) Option "_source" "_driver/libinput"
[     5.710] (II) libinput: Dell KB216 Wired Keyboard Consumer Control: is a virtual subdevice
[     5.710] (**) Option "config_info" "udev:/sys/devices/pci0000:00/0000:00:14.0/usb1/1-6/1-6:1.1/0003:413C:2113.0002/input/input5/event5"
[     5.710] (II) XINPUT: Adding extended input device "Dell KB216 Wired Keyboard Consumer Control" (type: KEYBOARD, id 15)
[     5.710] (**) Option "xkb_model" "pc105"
[     5.710] (**) Option "xkb_layout" "us"
[     6.541] (II) modeset(0): EDID vendor "DEL", prod id 41306
[     6.541] (II) modeset(0): Using EDID range info for horizontal sync
[     6.541] (II) modeset(0): Using EDID range info for vertical refresh
[     6.541] (II) modeset(0): Printing DDC gathered Modelines:
[     6.541] (II) modeset(0): Modeline "1600x900"x0.0  108.00  1600 1624 1704 1800  900 901 904 1000 +hsync +vsync (60.0 kHz eP)
[     6.542] (II) modeset(0): Modeline "800x600"x0.0   40.00  800 840 968 1056  600 601 605 628 +hsync +vsync (37.9 kHz e)
[     6.542] (II) modeset(0): Modeline "640x480"x0.0   31.50  640 656 720 840  480 481 484 500 -hsync -vsync (37.5 kHz e)
[     6.542] (II) modeset(0): Modeline "640x480"x0.0   25.18  640 656 752 800  480 490 492 525 -hsync -vsync (31.5 kHz e)
[     6.542] (II) modeset(0): Modeline "720x400"x0.0   28.32  720 738 846 900  400 412 414 449 -hsync +vsync (31.5 kHz e)
[     6.542] (II) modeset(0): Modeline "1280x1024"x0.0  135.00  1280 1296 1440 1688  1024 1025 1028 1066 +hsync +vsync (80.0 kHz e)
[     6.542] (II) modeset(0): Modeline "1024x768"x0.0   78.75  1024 1040 1136 1312  768 769 772 800 +hsync +vsync (60.0 kHz e)
[     6.542] (II) modeset(0): Modeline "1024x768"x0.0   65.00  1024 1048 1184 1344  768 771 777 806 -hsync -vsync (48.4 kHz e)
[     6.542] (II) modeset(0): Modeline "800x600"x0.0   49.50  800 816 896 1056  600 601 604 625 +hsync +vsync (46.9 kHz e)
[     6.542] (II) modeset(0): Modeline "1152x864"x0.0  108.00  1152 1216 1344 1600  864 865 868 900 +hsync +vsync (67.5 kHz e)
[     6.542] (II) modeset(0): Modeline "1280x1024"x0.0  108.00  1280 1328 1440 1688  1024 1025 1028 1066 +hsync +vsync (64.0 kHz e)
[     7.358] (II) modeset(0): EDID vendor "DEL", prod id 41306
[     7.358] (II) modeset(0): Using hsync ranges from config file
[     7.358] (II) modeset(0): Using vrefresh ranges from config file
[     7.358] (II) modeset(0): Printing DDC gathered Modelines:
[     7.358] (II) modeset(0): Modeline "1600x900"x0.0  108.00  1600 1624 1704 1800  900 901 904 1000 +hsync +vsync (60.0 kHz eP)
[     7.358] (II) modeset(0): Modeline "800x600"x0.0   40.00  800 840 968 1056  600 601 605 628 +hsync +vsync (37.9 kHz e)
[     7.358] (II) modeset(0): Modeline "640x480"x0.0   31.50  640 656 720 840  480 481 484 500 -hsync -vsync (37.5 kHz e)
[     7.358] (II) modeset(0): Modeline "640x480"x0.0   25.18  640 656 752 800  480 490 492 525 -hsync -vsync (31.5 kHz e)
[     7.358] (II) modeset(0): Modeline "720x400"x0.0   28.32  720 738 846 900  400 412 414 449 -hsync +vsync (31.5 kHz e)
[     7.358] (II) modeset(0): Modeline "1280x1024"x0.0  135.00  1280 1296 1440 1688  1024 1025 1028 1066 +hsync +vsync (80.0 kHz e)
[     7.358] (II) modeset(0): Modeline "1024x768"x0.0   78.75  1024 1040 1136 1312  768 769 772 800 +hsync +vsync (60.0 kHz e)
[     7.358] (II) modeset(0): Modeline "1024x768"x0.0   65.00  1024 1048 1184 1344  768 771 777 806 -hsync -vsync (48.4 kHz e)
[     7.358] (II) modeset(0): Modeline "800x600"x0.0   49.50  800 816 896 1056  600 601 604 625 +hsync +vsync (46.9 kHz e)
[     7.358] (II) modeset(0): Modeline "1152x864"x0.0  108.00  1152 1216 1344 1600  864 865 868 900 +hsync +vsync (67.5 kHz e)
[     7.358] (II) modeset(0): Modeline "1280x1024"x0.0  108.00  1280 1328 1440 1688  1024 1025 1028 1066 +hsync +vsync (64.0 kHz e)
[   741.391] (II) config/udev: removing device Dell WMI hotkeys
[   741.391] (II) event8  - Dell WMI hotkeys: device removed
[   741.415] (II) UnloadModule: "libinput"
[   741.415] (II) config/udev: Adding input device Dell WMI hotkeys (/dev/input/event8)
[   741.415] (**) Dell WMI hotkeys: Applying InputClass "libinput keyboard catchall"
[   741.415] (II) Using input driver 'libinput' for 'Dell WMI hotkeys'
[   741.415] (**) Dell WMI hotkeys: always reports core events
[   741.415] (**) Option "Device" "/dev/input/event8"
[   741.415] (**) Option "_source" "server/udev"
[   741.415] (II) event8  - Dell WMI hotkeys: is tagged by udev as: Keyboard
[   741.415] (II) event8  - Dell WMI hotkeys: device is a keyboard
[   741.415] (II) event8  - Dell WMI hotkeys: device removed
[   741.462] (**) Option "config_info" "udev:/sys/devices/platform/PNP0C14:02/wmi_bus/wmi_bus-PNP0C14:02/9DBB5994-A997-11DA-B012-B622A1EF5492/input/input8/event8"
[   741.462] (II) XINPUT: Adding extended input device "Dell WMI hotkeys" (type: KEYBOARD, id 14)
[   741.462] (**) Option "xkb_model" "pc105"
[   741.462] (**) Option "xkb_layout" "us"
[   741.462] (WW) Option "xkb_variant" requires a string value
[   741.462] (WW) Option "xkb_options" requires a string value
[   741.463] (II) event8  - Dell WMI hotkeys: is tagged by udev as: Keyboard
[   741.463] (II) event8  - Dell WMI hotkeys: device is a keyboard
[   741.463] (II) config/udev: removing device Video Bus
[   741.463] (II) event3  - Video Bus: device removed
[   741.487] (II) UnloadModule: "libinput"
[   741.487] (II) config/udev: Adding input device Video Bus (/dev/input/event3)
[   741.487] (**) Video Bus: Applying InputClass "libinput keyboard catchall"
[   741.487] (II) Using input driver 'libinput' for 'Video Bus'
[   741.487] (**) Video Bus: always reports core events
[   741.487] (**) Option "Device" "/dev/input/event3"
[   741.487] (**) Option "_source" "server/udev"
[   741.487] (II) event3  - Video Bus: is tagged by udev as: Keyboard
[   741.487] (II) event3  - Video Bus: device is a keyboard
[   741.487] (II) event3  - Video Bus: device removed
[   741.510] (**) Option "config_info" "udev:/sys/devices/LNXSYSTM:00/LNXSYBUS:00/PNP0A08:00/LNXVIDEO:00/input/input3/event3"
[   741.510] (II) XINPUT: Adding extended input device "Video Bus" (type: KEYBOARD, id 7)
[   741.510] (**) Option "xkb_model" "pc105"
[   741.510] (**) Option "xkb_layout" "us"
[   741.510] (WW) Option "xkb_variant" requires a string value
[   741.510] (WW) Option "xkb_options" requires a string value
[   741.511] (II) event3  - Video Bus: is tagged by udev as: Keyboard
[   741.511] (II) event3  - Video Bus: device is a keyboard
[   741.511] (II) config/udev: removing device Power Button
[   741.511] (II) event1  - Power Button: device removed
[   741.527] (II) UnloadModule: "libinput"
[   741.527] (II) config/udev: Adding input device Power Button (/dev/input/event1)
[   741.527] (**) Power Button: Applying InputClass "libinput keyboard catchall"
[   741.527] (II) Using input driver 'libinput' for 'Power Button'
[   741.527] (**) Power Button: always reports core events
[   741.527] (**) Option "Device" "/dev/input/event1"
[   741.527] (**) Option "_source" "server/udev"
[   741.527] (II) event1  - Power Button: is tagged by udev as: Keyboard
[   741.527] (II) event1  - Power Button: device is a keyboard
[   741.527] (II) event1  - Power Button: device removed
[   741.542] (**) Option "config_info" "udev:/sys/devices/LNXSYSTM:00/LNXSYBUS:00/PNP0C0C:00/input/input1/event1"
[   741.542] (II) XINPUT: Adding extended input device "Power Button" (type: KEYBOARD, id 8)
[   741.542] (**) Option "xkb_model" "pc105"
[   741.542] (**) Option "xkb_layout" "us"
[   741.542] (WW) Option "xkb_variant" requires a string value
[   741.542] (WW) Option "xkb_options" requires a string value
[   741.543] (II) event1  - Power Button: is tagged by udev as: Keyboard
[   741.543] (II) event1  - Power Button: device is a keyboard
[   741.543] (II) config/udev: removing device Dell KB216 Wired Keyboard System Control
[   741.543] (II) event6  - Dell KB216 Wired Keyboard System Control: device removed
[   741.559] (II) UnloadModule: "libinput"
[   741.559] (II) config/udev: Adding input device Dell KB216 Wired Keyboard System Control (/dev/input/event6)
[   741.559] (**) Dell KB216 Wired Keyboard System Control: Applying InputClass "libinput keyboard catchall"
[   741.559] (II) Using input driver 'libinput' for 'Dell KB216 Wired Keyboard System Control'
[   741.559] (**) Dell KB216 Wired Keyboard System Control: always reports core events
[   741.559] (**) Option "Device" "/dev/input/event6"
[   741.559] (**) Option "_source" "server/udev"
[   741.559] (II) event6  - Dell KB216 Wired Keyboard System Control: is tagged by udev as: Keyboard
[   741.559] (II) event6  - Dell KB216 Wired Keyboard System Control: device is a keyboard
[   741.559] (II) event6  - Dell KB216 Wired Keyboard System Control: device removed
[   741.574] (**) Option "config_info" "udev:/sys/devices/pci0000:00/0000:00:14.0/usb1/1-6/1-6:1.1/0003:413C:2113.0002/input/input6/event6"
[   741.574] (II) XINPUT: Adding extended input device "Dell KB216 Wired Keyboard System Control" (type: KEYBOARD, id 13)
[   741.574] (**) Option "xkb_model" "pc105"
[   741.574] (**) Option "xkb_layout" "us"
[   741.574] (WW) Option "xkb_variant" requires a string value
[   741.574] (WW) Option "xkb_options" requires a string value
[   741.575] (II) event6  - Dell KB216 Wired Keyboard System Control: is tagged by udev as: Keyboard
[   741.575] (II) event6  - Dell KB216 Wired Keyboard System Control: device is a keyboard
[   741.575] (II) config/udev: removing device Dell KB216 Wired Keyboard
[   741.575] (II) event4  - Dell KB216 Wired Keyboard: device removed
[   741.595] (II) UnloadModule: "libinput"
[   741.595] (II) config/udev: Adding input device Dell KB216 Wired Keyboard (/dev/input/event4)
[   741.595] (**) Dell KB216 Wired Keyboard: Applying InputClass "libinput keyboard catchall"
[   741.595] (II) Using input driver 'libinput' for 'Dell KB216 Wired Keyboard'
[   741.595] (**) Dell KB216 Wired Keyboard: always reports core events
[   741.595] (**) Option "Device" "/dev/input/event4"
[   741.595] (**) Option "_source" "server/udev"
[   741.595] (II) event4  - Dell KB216 Wired Keyboard: is tagged by udev as: Keyboard
[   741.595] (II) event4  - Dell KB216 Wired Keyboard: device is a keyboard
[   741.595] (II) event4  - Dell KB216 Wired Keyboard: device removed
[   741.610] (**) Option "config_info" "udev:/sys/devices/pci0000:00/0000:00:14.0/usb1/1-6/1-6:1.0/0003:413C:2113.0001/input/input4/event4"
[   741.610] (II) XINPUT: Adding extended input device "Dell KB216 Wired Keyboard" (type: KEYBOARD, id 11)
[   741.610] (**) Option "xkb_model" "pc105"
[   741.610] (**) Option "xkb_layout" "us"
[   741.610] (WW) Option "xkb_variant" requires a string value
[   741.610] (WW) Option "xkb_options" requires a string value
[   741.611] (II) event4  - Dell KB216 Wired Keyboard: is tagged by udev as: Keyboard
[   741.611] (II) event4  - Dell KB216 Wired Keyboard: device is a keyboard
[   741.611] (II) config/udev: removing device Power Button
[   741.611] (II) event2  - Power Button: device removed
[   741.639] (II) UnloadModule: "libinput"
[   741.639] (II) config/udev: Adding input device Power Button (/dev/input/event2)
[   741.639] (**) Power Button: Applying InputClass "libinput keyboard catchall"
[   741.639] (II) Using input driver 'libinput' for 'Power Button'
[   741.639] (**) Power Button: always reports core events
[   741.639] (**) Option "Device" "/dev/input/event2"
[   741.639] (**) Option "_source" "server/udev"
[   741.639] (II) event2  - Power Button: is tagged by udev as: Keyboard
[   741.639] (II) event2  - Power Button: device is a keyboard
[   741.639] (II) event2  - Power Button: device removed
[   741.654] (**) Option "config_info" "udev:/sys/devices/LNXSYSTM:00/LNXPWRBN:00/input/input2/event2"
[   741.654] (II) XINPUT: Adding extended input device "Power Button" (type: KEYBOARD, id 6)
[   741.654] (**) Option "xkb_model" "pc105"
[   741.654] (**) Option "xkb_layout" "us"
[   741.654] (WW) Option "xkb_variant" requires a string value
[   741.654] (WW) Option "xkb_options" requires a string value
[   741.654] (II) event2  - Power Button: is tagged by udev as: Keyboard
[   741.654] (II) event2  - Power Button: device is a keyboard
[   741.655] (II) config/udev: removing device Sleep Button
[   741.655] (II) event0  - Sleep Button: device removed
[   741.679] (II) UnloadModule: "libinput"
[   741.679] (II) config/udev: Adding input device Sleep Button (/dev/input/event0)
[   741.679] (**) Sleep Button: Applying InputClass "libinput keyboard catchall"
[   741.679] (II) Using input driver 'libinput' for 'Sleep Button'
[   741.679] (**) Sleep Button: always reports core events
[   741.679] (**) Option "Device" "/dev/input/event0"
[   741.679] (**) Option "_source" "server/udev"
[   741.679] (II) event0  - Sleep Button: is tagged by udev as: Keyboard
[   741.679] (II) event0  - Sleep Button: device is a keyboard
[   741.679] (II) event0  - Sleep Button: device removed
[   741.702] (**) Option "config_info" "udev:/sys/devices/LNXSYSTM:00/LNXSYBUS:00/PNP0C0E:00/input/input0/event0"
[   741.702] (II) XINPUT: Adding extended input device "Sleep Button" (type: KEYBOARD, id 9)
[   741.702] (**) Option "xkb_model" "pc105"
[   741.702] (**) Option "xkb_layout" "us"
[   741.702] (WW) Option "xkb_variant" requires a string value
[   741.702] (WW) Option "xkb_options" requires a string value
[   741.702] (II) event0  - Sleep Button: is tagged by udev as: Keyboard
[   741.702] (II) event0  - Sleep Button: device is a keyboard
[   741.703] (II) config/udev: removing device Dell KB216 Wired Keyboard Consumer Control
[   741.704] (II) UnloadModule: "libinput"
[   741.704] (II) config/udev: removing device Dell KB216 Wired Keyboard Consumer Control
[   741.704] (II) event5  - Dell KB216 Wired Keyboard Consumer Control: device removed
[   741.723] (II) UnloadModule: "libinput"
[   741.723] (II) config/udev: Adding input device Dell KB216 Wired Keyboard Consumer Control (/dev/input/event5)
[   741.723] (**) Dell KB216 Wired Keyboard Consumer Control: Applying InputClass "libinput keyboard catchall"
[   741.723] (II) Using input driver 'libinput' for 'Dell KB216 Wired Keyboard Consumer Control'
[   741.723] (**) Dell KB216 Wired Keyboard Consumer Control: always reports core events
[   741.723] (**) Option "Device" "/dev/input/event5"
[   741.723] (**) Option "_source" "server/udev"
[   741.723] (II) event5  - Dell KB216 Wired Keyboard Consumer Control: is tagged by udev as: Keyboard
[   741.723] (II) event5  - Dell KB216 Wired Keyboard Consumer Control: device is a keyboard
[   741.723] (II) event5  - Dell KB216 Wired Keyboard Consumer Control: device removed
[   741.750] (II) libinput: Dell KB216 Wired Keyboard Consumer Control: needs a virtual subdevice
[   741.750] (**) Option "config_info" "udev:/sys/devices/pci0000:00/0000:00:14.0/usb1/1-6/1-6:1.1/0003:413C:2113.0002/input/input5/event5"
[   741.750] (II) XINPUT: Adding extended input device "Dell KB216 Wired Keyboard Consumer Control" (type: MOUSE, id 12)
[   741.750] (**) Option "AccelerationScheme" "none"
[   741.751] (**) Dell KB216 Wired Keyboard Consumer Control: (accel) selected scheme none/0
[   741.751] (**) Dell KB216 Wired Keyboard Consumer Control: (accel) acceleration factor: 2.000
[   741.751] (**) Dell KB216 Wired Keyboard Consumer Control: (accel) acceleration threshold: 4
[   741.751] (II) event5  - Dell KB216 Wired Keyboard Consumer Control: is tagged by udev as: Keyboard
[   741.751] (II) event5  - Dell KB216 Wired Keyboard Consumer Control: device is a keyboard
[   741.751] (**) Dell KB216 Wired Keyboard Consumer Control: Applying InputClass "libinput keyboard catchall"
[   741.751] (II) Using input driver 'libinput' for 'Dell KB216 Wired Keyboard Consumer Control'
[   741.751] (**) Dell KB216 Wired Keyboard Consumer Control: always reports core events
[   741.751] (**) Option "Device" "/dev/input/event5"
[   741.751] (**) Option "_source" "_driver/libinput"
[   741.751] (II) libinput: Dell KB216 Wired Keyboard Consumer Control: is a virtual subdevice
[   741.751] (**) Option "config_info" "udev:/sys/devices/pci0000:00/0000:00:14.0/usb1/1-6/1-6:1.1/0003:413C:2113.0002/input/input5/event5"
[   741.751] (II) XINPUT: Adding extended input device "Dell KB216 Wired Keyboard Consumer Control" (type: KEYBOARD, id 15)
[   741.751] (**) Option "xkb_model" "pc105"
[   741.751] (**) Option "xkb_layout" "us"
[   741.751] (WW) Option "xkb_variant" requires a string value
[   741.751] (WW) Option "xkb_options" requires a string value
[   763.021] (II) event7  - PixArt Dell MS116 USB Optical Mouse: device removed
[   763.066] (II) event8  - Dell WMI hotkeys: device removed
[   763.082] (II) event3  - Video Bus: device removed
[   763.106] (II) event1  - Power Button: device removed
[   763.130] (II) event6  - Dell KB216 Wired Keyboard System Control: device removed
[   763.146] (II) event4  - Dell KB216 Wired Keyboard: device removed
[   763.162] (II) event2  - Power Button: device removed
[   763.178] (II) event0  - Sleep Button: device removed
[   763.198] (II) event5  - Dell KB216 Wired Keyboard Consumer Control: device removed
[   763.221] (II) UnloadModule: "libinput"
[   763.221] (II) UnloadModule: "libinput"
[   763.221] (II) UnloadModule: "libinput"
[   763.221] (II) UnloadModule: "libinput"
[   763.221] (II) UnloadModule: "libinput"
[   763.221] (II) UnloadModule: "libinput"
[   763.221] (II) UnloadModule: "libinput"
[   763.221] (II) UnloadModule: "libinput"
[   763.221] (II) UnloadModule: "libinput"
[   763.221] (II) UnloadModule: "libinput"
[   763.289] (II) Server terminated successfully (0). Closing log file.
